17:33:36 | INFO | Evaluating entry filters and executing trades...
17:33:36 | INFO | Tickers to evaluate: ['PEPEUSDT']
17:33:36 | INFO | ----- PEPEUSDT - Entry -----
17:33:36 | INFO | entry filters
17:33:36 | INFO | ✅ - Donchian Upper Entry: 1.00
17:33:36 | INFO | ✅
17:33:36 | INFO | executing trade
17:33:39 | INFO | bought 4010880.0 of PEPEUSDT at 4.46e-06 for 17.8885248
17:33:40 | INFO | Position written with trailing loss at 4.31970569147148e-06, last close 4.47e-06
17:34:40 | INFO | Evaluating entry filters and executing trades...
17:34:40 | INFO | Tickers to evaluate: ['PEPEUSDT']
17:34:40 | INFO | Already have position in PEPEUSDT, skipping.
17:35:40 | INFO | Evaluating entry filters and executing trades...
17:35:40 | INFO | Tickers to evaluate: ['PEPEUSDT']
17:35:40 | INFO | Already have position in PEPEUSDT, skipping.
17:36:40 | INFO | Evaluating entry filters and executing trades...
17:36:40 | INFO | Tickers to evaluate: ['PEPEUSDT']
17:36:40 | INFO | Already have position in PEPEUSDT, skipping.
17:37:40 | INFO | Evaluating entry filters and executing trades...
17:37:40 | INFO | Tickers to evaluate: ['PEPEUSDT']
17:37:40 | INFO | Already have position in PEPEUSDT, skipping.
17:38:40 | INFO | Evaluating entry filters and executing trades...
17:38:40 | INFO | Tickers to evaluate: ['PEPEUSDT']
17:38:40 | INFO | Already have position in PEPEUSDT, skipping.
17:39:40 | INFO | Evaluating entry filters and executing trades...
17:39:40 | INFO | Tickers to evaluate: ['PEPEUSDT']
17:39:40 | INFO | Already have position in PEPEUSDT, skipping.
17:40:40 | INFO | Evaluating entry filters and executing trades...
17:40:40 | INFO | Tickers to evaluate: ['PEPEUSDT']
17:40:40 | INFO | Already have position in PEPEUSDT, skipping.
17:41:40 | INFO | Evaluating entry filters and executing trades...
17:41:40 | INFO | Tickers to evaluate: ['PEPEUSDT']
17:41:40 | INFO | Already have position in PEPEUSDT, skipping.
17:42:40 | INFO | Evaluating entry filters and executing trades...
17:42:40 | INFO | Tickers to evaluate: ['PEPEUSDT']
17:42:40 | INFO | Already have position in PEPEUSDT, skipping.
17:43:40 | INFO | Evaluating entry filters and executing trades...
17:43:40 | INFO | Tickers to evaluate: ['PEPEUSDT']
17:43:40 | INFO | Already have position in PEPEUSDT, skipping.
17:44:40 | INFO | Evaluating entry filters and executing trades...
17:44:40 | INFO | Tickers to evaluate: ['PEPEUSDT']
17:44:40 | INFO | Already have position in PEPEUSDT, skipping.
17:45:40 | INFO | Evaluating entry filters and executing trades...
17:45:40 | INFO | Tickers to evaluate: ['PEPEUSDT']
17:45:40 | INFO | Already have position in PEPEUSDT, skipping.
17:46:40 | INFO | Evaluating entry filters and executing trades...
17:46:40 | INFO | Tickers to evaluate: ['PEPEUSDT']
17:46:40 | INFO | Already have position in PEPEUSDT, skipping.
17:47:40 | INFO | Evaluating entry filters and executing trades...
17:47:40 | INFO | Tickers to evaluate: ['PEPEUSDT']
17:47:40 | INFO | Already have position in PEPEUSDT, skipping.
17:48:40 | INFO | Evaluating entry filters and executing trades...
17:48:40 | INFO | Tickers to evaluate: ['PEPEUSDT']
17:48:40 | INFO | Already have position in PEPEUSDT, skipping.
17:49:40 | INFO | Evaluating entry filters and executing trades...
17:49:40 | INFO | Tickers to evaluate: ['PEPEUSDT']
17:49:40 | INFO | Already have position in PEPEUSDT, skipping.
17:50:40 | INFO | Evaluating entry filters and executing trades...
17:50:40 | INFO | Tickers to evaluate: ['PEPEUSDT']
17:50:40 | INFO | Already have position in PEPEUSDT, skipping.
17:51:40 | INFO | Evaluating entry filters and executing trades...
17:51:40 | INFO | Tickers to evaluate: ['PEPEUSDT']
17:51:40 | INFO | Already have position in PEPEUSDT, skipping.
17:52:40 | INFO | Evaluating entry filters and executing trades...
17:52:40 | INFO | Tickers to evaluate: ['PEPEUSDT']
17:52:40 | INFO | Already have position in PEPEUSDT, skipping.
17:53:40 | INFO | Evaluating entry filters and executing trades...
17:53:40 | INFO | Tickers to evaluate: ['PEPEUSDT']
17:53:40 | INFO | Already have position in PEPEUSDT, skipping.
17:54:40 | INFO | Evaluating entry filters and executing trades...
17:54:40 | INFO | Tickers to evaluate: ['PEPEUSDT']
17:54:40 | INFO | Already have position in PEPEUSDT, skipping.
17:55:40 | INFO | Evaluating entry filters and executing trades...
17:55:40 | INFO | Tickers to evaluate: ['PEPEUSDT']
17:55:40 | INFO | Already have position in PEPEUSDT, skipping.
17:56:40 | INFO | Evaluating entry filters and executing trades...
17:56:40 | INFO | Tickers to evaluate: ['PEPEUSDT']
17:56:40 | INFO | Already have position in PEPEUSDT, skipping.
17:57:40 | INFO | Evaluating entry filters and executing trades...
17:57:40 | INFO | Tickers to evaluate: ['PEPEUSDT']
17:57:40 | INFO | Already have position in PEPEUSDT, skipping.
17:58:40 | INFO | Evaluating entry filters and executing trades...
17:58:40 | INFO | Tickers to evaluate: ['PEPEUSDT']
17:58:40 | INFO | Already have position in PEPEUSDT, skipping.
17:59:40 | INFO | Evaluating entry filters and executing trades...
17:59:40 | INFO | Tickers to evaluate: ['PEPEUSDT']
17:59:40 | INFO | Already have position in PEPEUSDT, skipping.
18:00:40 | INFO | Evaluating entry filters and executing trades...
18:00:40 | INFO | Tickers to evaluate: ['PEPEUSDT']
18:00:40 | INFO | Already have position in PEPEUSDT, skipping.
18:01:40 | INFO | Evaluating entry filters and executing trades...
18:01:40 | INFO | Tickers to evaluate: ['PEPEUSDT']
18:01:40 | INFO | Already have position in PEPEUSDT, skipping.
18:02:40 | INFO | Evaluating entry filters and executing trades...
18:02:40 | INFO | Tickers to evaluate: ['PEPEUSDT']
18:02:40 | INFO | Already have position in PEPEUSDT, skipping.
